app/build/intermediates/manifest_merge_blame_file/release/manifest-merger-blame-release-report.txt
1<?xml version="1.0" encoding="utf-8"?>
2<manifest xmlns:android="http://schemas.android.com/apk/res/android"
3    package="me.devsaki.hentoid"
4    android:installLocation="auto"
5    android:versionCode="130"
6    android:versionName="1.17.1" >
7
8    <uses-sdk
9        android:minSdkVersion="33"
9-->src\main\AndroidManifest.xml
10        android:targetSdkVersion="33" />
10-->src\main\AndroidManifest.xml
11
12    <uses-permission android:name="android.permission.INTERNET" />
12-->src\main\AndroidManifest.xml:6:5-67
12-->src\main\AndroidManifest.xml:6:22-64
13    <uses-permission android:name="android.permission.ACCESS_NETWORK_STATE" />
13-->src\main\AndroidManifest.xml:7:5-79
13-->src\main\AndroidManifest.xml:7:22-76
14    <uses-permission android:name="android.permission.ACCESS_WIFI_STATE" />
14-->src\main\AndroidManifest.xml:8:5-76
14-->src\main\AndroidManifest.xml:8:22-73
15    <uses-permission android:name="android.permission.READ_EXTERNAL_STORAGE" />
15-->src\main\AndroidManifest.xml:9:5-80
15-->src\main\AndroidManifest.xml:9:22-77
16    <!-- Somehow needed by Firebase for reliable local dispatching on non-Google Play devices -->
17    <uses-permission android:name="android.permission.WAKE_LOCK" />
17-->src\main\AndroidManifest.xml:11:5-68
17-->src\main\AndroidManifest.xml:11:22-65
18    <uses-permission android:name="android.permission.WRITE_EXTERNAL_STORAGE" />
18-->src\main\AndroidManifest.xml:12:5-81
18-->src\main\AndroidManifest.xml:12:22-78
19    <uses-permission android:name="android.permission.VIBRATE" />
19-->src\main\AndroidManifest.xml:13:5-66
19-->src\main\AndroidManifest.xml:13:22-63
20    <!-- Required to install update packages when targeting API 25 or higher -->
21    <uses-permission android:name="android.permission.REQUEST_INSTALL_PACKAGES" />
21-->src\main\AndroidManifest.xml:15:5-83
21-->src\main\AndroidManifest.xml:15:22-80
22    <!-- Required to run keep-alive service when targeting API 28 or higher -->
23    <uses-permission android:name="android.permission.FOREGROUND_SERVICE" />
23-->src\main\AndroidManifest.xml:17:5-77
23-->src\main\AndroidManifest.xml:17:22-74
24    <!-- Required to install update packages when targeting API 29 or higher -->
25    <uses-permission android:name="android.permission.USE_FULL_SCREEN_INTENT" />
25-->src\main\AndroidManifest.xml:19:5-81
25-->src\main\AndroidManifest.xml:19:22-78
26    <uses-permission android:name="com.google.android.finsky.permission.BIND_GET_INSTALL_REFERRER_SERVICE" />
26-->[com.google.android.gms:play-services-measurement:21.1.0] AndroidManifest.xml:26:5-110
26-->[com.google.android.gms:play-services-measurement:21.1.0] AndroidManifest.xml:26:22-107
27    <uses-permission android:name="com.google.android.gms.permission.AD_ID" />
27-->[com.google.android.gms:play-services-measurement-api:21.1.0] AndroidManifest.xml:25:5-79
27-->[com.google.android.gms:play-services-measurement-api:21.1.0] AndroidManifest.xml:25:22-76
28    <uses-permission android:name="android.permission.RECEIVE_BOOT_COMPLETED" />
28-->[androidx.work:work-runtime:2.7.1] AndroidManifest.xml:27:5-81
28-->[androidx.work:work-runtime:2.7.1] AndroidManifest.xml:27:22-78
29
30    <application
30-->src\main\AndroidManifest.xml:22:5-611:19
31        android:name="me.devsaki.hentoid.core.HentoidApp"
31-->src\main\AndroidManifest.xml:23:9-40
32        android:allowBackup="false"
32-->src\main\AndroidManifest.xml:24:9-36
33        android:appComponentFactory="androidx.core.app.CoreComponentFactory"
33-->[androidx.core:core:1.8.0] AndroidManifest.xml:24:18-86
34        android:extractNativeLibs="true"
34-->src\main\AndroidManifest.xml:25:9-41
35        android:icon="@drawable/ic_launcher"
35-->src\main\AndroidManifest.xml:26:9-45
36        android:label="@string/app_name"
36-->src\main\AndroidManifest.xml:27:9-41
37        android:largeHeap="true"
37-->src\main\AndroidManifest.xml:28:9-33
38        android:localeConfig="@xml/locales_config"
38-->src\main\AndroidManifest.xml:29:9-51
39        android:supportsRtl="false"
39-->src\main\AndroidManifest.xml:30:9-36
40        android:theme="@style/Theme.Light"
40-->src\main\AndroidManifest.xml:31:9-43
41        android:usesCleartextTraffic="true" >
41-->src\main\AndroidManifest.xml:32:9-44
42        <meta-data
42-->src\main\AndroidManifest.xml:35:9-37:36
43            android:name="android.webkit.WebView.MetricsOptOut"
43-->src\main\AndroidManifest.xml:36:13-64
44            android:value="true" />
44-->src\main\AndroidManifest.xml:37:13-33
45
46        <activity
46-->src\main\AndroidManifest.xml:39:9-43:40
47            android:name="me.devsaki.hentoid.activities.MissingWebViewActivity"
47-->src\main\AndroidManifest.xml:40:13-62
48            android:exported="false"
48-->src\main\AndroidManifest.xml:41:13-37
49            android:label="@string/missing_web_view"
49-->src\main\AndroidManifest.xml:42:13-53
50            android:noHistory="true" />
50-->src\main\AndroidManifest.xml:43:13-37
51        <activity
51-->src\main\AndroidManifest.xml:44:9-52:20
52            android:name="me.devsaki.hentoid.activities.SplashActivity"
52-->src\main\AndroidManifest.xml:45:13-54
53            android:exported="true"
53-->src\main\AndroidManifest.xml:46:13-36
54            android:noHistory="true" >
54-->src\main\AndroidManifest.xml:47:13-37
55            <intent-filter>
55-->src\main\AndroidManifest.xml:48:13-51:29
56                <action android:name="android.intent.action.MAIN" />
56-->src\main\AndroidManifest.xml:49:17-69
56-->src\main\AndroidManifest.xml:49:25-66
57
58                <category android:name="android.intent.category.LAUNCHER" />
58-->src\main\AndroidManifest.xml:50:17-77
58-->src\main\AndroidManifest.xml:50:27-74
59            </intent-filter>
60        </activity>
61        <activity
61-->src\main\AndroidManifest.xml:53:9-55:49
62            android:name="me.devsaki.hentoid.activities.IntroActivity"
62-->src\main\AndroidManifest.xml:54:13-53
63            android:label="@string/app_intro" />
63-->src\main\AndroidManifest.xml:55:13-46
64        <activity
64-->src\main\AndroidManifest.xml:56:9-58:70
65            android:name="me.devsaki.hentoid.activities.Api29MigrationActivity"
65-->src\main\AndroidManifest.xml:57:13-62
66            android:label="@string/title_activity_api29_migration" />
66-->src\main\AndroidManifest.xml:58:13-67
67        <activity
67-->src\main\AndroidManifest.xml:59:9-61:62
68            android:name="me.devsaki.hentoid.activities.sources.HitomiActivity"
68-->src\main\AndroidManifest.xml:60:13-62
69            android:configChanges="orientation|screenSize" />
69-->src\main\AndroidManifest.xml:61:13-59
70        <activity
70-->src\main\AndroidManifest.xml:62:9-64:62
71            android:name="me.devsaki.hentoid.activities.sources.NhentaiActivity"
71-->src\main\AndroidManifest.xml:63:13-63
72            android:configChanges="orientation|screenSize" />
72-->src\main\AndroidManifest.xml:64:13-59
73        <activity
73-->src\main\AndroidManifest.xml:65:9-67:62
74            android:name="me.devsaki.hentoid.activities.sources.TsuminoActivity"
74-->src\main\AndroidManifest.xml:66:13-63
75            android:configChanges="orientation|screenSize" />
75-->src\main\AndroidManifest.xml:67:13-59
76        <activity
76-->src\main\AndroidManifest.xml:68:9-70:62
77            android:name="me.devsaki.hentoid.activities.sources.ASMHentaiActivity"
77-->src\main\AndroidManifest.xml:69:13-65
78            android:configChanges="orientation|screenSize" />
78-->src\main\AndroidManifest.xml:70:13-59
79        <activity
79-->src\main\AndroidManifest.xml:71:9-73:62
80            android:name="me.devsaki.hentoid.activities.sources.PururinActivity"
80-->src\main\AndroidManifest.xml:72:13-63
81            android:configChanges="orientation|screenSize" />
81-->src\main\AndroidManifest.xml:73:13-59
82        <activity
82-->src\main\AndroidManifest.xml:74:9-76:62
83            android:name="me.devsaki.hentoid.activities.sources.EHentaiActivity"
83-->src\main\AndroidManifest.xml:75:13-63
84            android:configChanges="orientation|screenSize" />
84-->src\main\AndroidManifest.xml:76:13-59
85        <activity
85-->src\main\AndroidManifest.xml:77:9-79:62
86            android:name="me.devsaki.hentoid.activities.sources.MusesActivity"
86-->src\main\AndroidManifest.xml:78:13-61
87            android:configChanges="orientation|screenSize" />
87-->src\main\AndroidManifest.xml:79:13-59
88        <activity
88-->src\main\AndroidManifest.xml:80:9-82:62
89            android:name="me.devsaki.hentoid.activities.sources.DoujinsActivity"
89-->src\main\AndroidManifest.xml:81:13-63
90            android:configChanges="orientation|screenSize" />
90-->src\main\AndroidManifest.xml:82:13-59
91        <activity
91-->src\main\AndroidManifest.xml:83:9-85:62
92            android:name="me.devsaki.hentoid.activities.sources.LusciousActivity"
92-->src\main\AndroidManifest.xml:84:13-64
93            android:configChanges="orientation|screenSize" />
93-->src\main\AndroidManifest.xml:85:13-59
94        <activity
94-->src\main\AndroidManifest.xml:86:9-88:62
95            android:name="me.devsaki.hentoid.activities.sources.ExHentaiActivity"
95-->src\main\AndroidManifest.xml:87:13-64
96            android:configChanges="orientation|screenSize" />
96-->src\main\AndroidManifest.xml:88:13-59
97        <activity
97-->src\main\AndroidManifest.xml:89:9-91:62
98            android:name="me.devsaki.hentoid.activities.sources.PorncomixActivity"
98-->src\main\AndroidManifest.xml:90:13-65
99            android:configChanges="orientation|screenSize" />
99-->src\main\AndroidManifest.xml:91:13-59
100        <activity
100-->src\main\AndroidManifest.xml:92:9-94:62
101            android:name="me.devsaki.hentoid.activities.sources.HbrowseActivity"
101-->src\main\AndroidManifest.xml:93:13-63
102            android:configChanges="orientation|screenSize" />
102-->src\main\AndroidManifest.xml:94:13-59
103        <activity
103-->src\main\AndroidManifest.xml:95:9-97:62
104            android:name="me.devsaki.hentoid.activities.sources.Hentai2ReadActivity"
104-->src\main\AndroidManifest.xml:96:13-67
105            android:configChanges="orientation|screenSize" />
105-->src\main\AndroidManifest.xml:97:13-59
106        <activity
106-->src\main\AndroidManifest.xml:98:9-100:62
107            android:name="me.devsaki.hentoid.activities.sources.HentaifoxActivity"
107-->src\main\AndroidManifest.xml:99:13-65
108            android:configChanges="orientation|screenSize" />
108-->src\main\AndroidManifest.xml:100:13-59
109        <activity
109-->src\main\AndroidManifest.xml:101:9-103:62
110            android:name="me.devsaki.hentoid.activities.sources.MrmActivity"
110-->src\main\AndroidManifest.xml:102:13-59
111            android:configChanges="orientation|screenSize" />
111-->src\main\AndroidManifest.xml:103:13-59
112        <activity
112-->src\main\AndroidManifest.xml:104:9-106:62
113            android:name="me.devsaki.hentoid.activities.sources.ManhwaActivity"
113-->src\main\AndroidManifest.xml:105:13-62
114            android:configChanges="orientation|screenSize" />
114-->src\main\AndroidManifest.xml:106:13-59
115        <activity
115-->src\main\AndroidManifest.xml:107:9-109:62
116            android:name="me.devsaki.hentoid.activities.sources.ImhentaiActivity"
116-->src\main\AndroidManifest.xml:108:13-64
117            android:configChanges="orientation|screenSize" />
117-->src\main\AndroidManifest.xml:109:13-59
118        <activity
118-->src\main\AndroidManifest.xml:110:9-112:62
119            android:name="me.devsaki.hentoid.activities.sources.ToonilyActivity"
119-->src\main\AndroidManifest.xml:111:13-63
120            android:configChanges="orientation|screenSize" />
120-->src\main\AndroidManifest.xml:112:13-59
121        <activity
121-->src\main\AndroidManifest.xml:113:9-115:62
122            android:name="me.devsaki.hentoid.activities.sources.AllPornComicActivity"
122-->src\main\AndroidManifest.xml:114:13-68
123            android:configChanges="orientation|screenSize" />
123-->src\main\AndroidManifest.xml:115:13-59
124        <activity
124-->src\main\AndroidManifest.xml:116:9-118:62
125            android:name="me.devsaki.hentoid.activities.sources.PixivActivity"
125-->src\main\AndroidManifest.xml:117:13-61
126            android:configChanges="orientation|screenSize" />
126-->src\main\AndroidManifest.xml:118:13-59
127        <activity
127-->src\main\AndroidManifest.xml:119:9-121:62
128            android:name="me.devsaki.hentoid.activities.sources.Manhwa18Activity"
128-->src\main\AndroidManifest.xml:120:13-64
129            android:configChanges="orientation|screenSize" />
129-->src\main\AndroidManifest.xml:121:13-59
130        <activity
130-->src\main\AndroidManifest.xml:122:9-124:62
131            android:name="me.devsaki.hentoid.activities.sources.MultpornActivity"
131-->src\main\AndroidManifest.xml:123:13-64
132            android:configChanges="orientation|screenSize" />
132-->src\main\AndroidManifest.xml:124:13-59
133        <activity
133-->src\main\AndroidManifest.xml:125:9-127:62
134            android:name="me.devsaki.hentoid.activities.sources.SimplyActivity"
134-->src\main\AndroidManifest.xml:126:13-62
135            android:configChanges="orientation|screenSize" />
135-->src\main\AndroidManifest.xml:127:13-59
136        <activity
136-->src\main\AndroidManifest.xml:128:9-130:62
137            android:name="me.devsaki.hentoid.activities.sources.HdPornComicsActivity"
137-->src\main\AndroidManifest.xml:129:13-68
138            android:configChanges="orientation|screenSize" />
138-->src\main\AndroidManifest.xml:130:13-59
139        <activity
139-->src\main\AndroidManifest.xml:131:9-139:20
140            android:name="me.devsaki.hentoid.activities.LibraryActivity"
140-->src\main\AndroidManifest.xml:132:13-55
141            android:configChanges="orientation|screenSize"
141-->src\main\AndroidManifest.xml:133:13-59
142            android:label="@string/title_activity_downloads"
142-->src\main\AndroidManifest.xml:134:13-61
143            android:launchMode="singleTop" >
143-->src\main\AndroidManifest.xml:135:13-43
144            <meta-data
144-->src\main\AndroidManifest.xml:136:13-138:54
145                android:name="android.app.searchable"
145-->src\main\AndroidManifest.xml:137:17-54
146                android:resource="@xml/searchable" />
146-->src\main\AndroidManifest.xml:138:17-51
147        </activity>
148        <activity
148-->src\main\AndroidManifest.xml:140:9-149:20
149            android:name="me.devsaki.hentoid.activities.QueueActivity"
149-->src\main\AndroidManifest.xml:141:13-53
150            android:configChanges="orientation|screenSize"
150-->src\main\AndroidManifest.xml:142:13-59
151            android:label="@string/title_activity_queue"
151-->src\main\AndroidManifest.xml:143:13-57
152            android:parentActivityName="me.devsaki.hentoid.activities.LibraryActivity" >
152-->src\main\AndroidManifest.xml:144:13-69
153            <meta-data
153-->src\main\AndroidManifest.xml:146:13-148:63
154                android:name="android.support.PARENT_ACTIVITY"
154-->src\main\AndroidManifest.xml:147:17-63
155                android:value=".activities.LibraryActivity" />
155-->src\main\AndroidManifest.xml:148:17-60
156        </activity>
157        <activity
157-->src\main\AndroidManifest.xml:150:9-160:20
158            android:name="me.devsaki.hentoid.activities.PrefsActivity"
158-->src\main\AndroidManifest.xml:151:13-53
159            android:configChanges="orientation|screenSize"
159-->src\main\AndroidManifest.xml:152:13-59
160            android:label="@string/title_activity_preferences"
160-->src\main\AndroidManifest.xml:153:13-63
161            android:parentActivityName="me.devsaki.hentoid.activities.LibraryActivity"
161-->src\main\AndroidManifest.xml:154:13-69
162            android:theme="@style/Theme.Light.Prefs" >
162-->src\main\AndroidManifest.xml:155:13-53
163            <meta-data
163-->src\main\AndroidManifest.xml:146:13-148:63
164                android:name="android.support.PARENT_ACTIVITY"
164-->src\main\AndroidManifest.xml:147:17-63
165                android:value=".activities.LibraryActivity" />
165-->src\main\AndroidManifest.xml:148:17-60
166        </activity>
167        <activity
167-->src\main\AndroidManifest.xml:161:9-171:20
168            android:name="me.devsaki.hentoid.activities.ToolsActivity"
168-->src\main\AndroidManifest.xml:162:13-53
169            android:configChanges="orientation|screenSize"
169-->src\main\AndroidManifest.xml:163:13-59
170            android:label="@string/title_activity_preferences"
170-->src\main\AndroidManifest.xml:164:13-63
171            android:parentActivityName="me.devsaki.hentoid.activities.LibraryActivity"
171-->src\main\AndroidManifest.xml:165:13-69
172            android:theme="@style/Theme.Light.Prefs" >
172-->src\main\AndroidManifest.xml:166:13-53
173            <meta-data
173-->src\main\AndroidManifest.xml:146:13-148:63
174                android:name="android.support.PARENT_ACTIVITY"
174-->src\main\AndroidManifest.xml:147:17-63
175                android:value=".activities.LibraryActivity" />
175-->src\main\AndroidManifest.xml:148:17-60
176        </activity>
177        <activity
177-->src\main\AndroidManifest.xml:172:9-180:20
178            android:name="me.devsaki.hentoid.activities.AboutActivity"
178-->src\main\AndroidManifest.xml:173:13-53
179            android:label="@string/title_activity_about"
179-->src\main\AndroidManifest.xml:174:13-57
180            android:parentActivityName="me.devsaki.hentoid.activities.LibraryActivity" >
180-->src\main\AndroidManifest.xml:175:13-69
181            <meta-data
181-->src\main\AndroidManifest.xml:146:13-148:63
182                android:name="android.support.PARENT_ACTIVITY"
182-->src\main\AndroidManifest.xml:147:17-63
183                android:value=".activities.LibraryActivity" />
183-->src\main\AndroidManifest.xml:148:17-60
184        </activity>
185        <activity
185-->src\main\AndroidManifest.xml:181:9-184:46
186            android:name="me.devsaki.hentoid.activities.DrawerEditActivity"
186-->src\main\AndroidManifest.xml:182:13-58
187            android:label="@string/title_activity_drawer_edit" />
187-->src\main\AndroidManifest.xml:183:13-63
188        <activity
188-->src\main\AndroidManifest.xml:185:9-188:46
189            android:name="me.devsaki.hentoid.activities.DuplicateDetectorActivity"
189-->src\main\AndroidManifest.xml:186:13-65
190            android:label="@string/title_activity_duplicate_detector" />
190-->src\main\AndroidManifest.xml:187:13-70
191        <activity
191-->src\main\AndroidManifest.xml:189:9-192:46
192            android:name="me.devsaki.hentoid.activities.SearchActivity"
192-->src\main\AndroidManifest.xml:190:13-54
193            android:label="@string/title_activity_search" />
193-->src\main\AndroidManifest.xml:191:13-58
194        <activity
194-->src\main\AndroidManifest.xml:193:9-197:52
195            android:name="me.devsaki.hentoid.activities.UnlockActivity"
195-->src\main\AndroidManifest.xml:194:13-54
196            android:noHistory="true"
196-->src\main\AndroidManifest.xml:195:13-37
197            android:resizeableActivity="false"
197-->src\main\AndroidManifest.xml:196:13-47
198            android:screenOrientation="portrait" />
198-->src\main\AndroidManifest.xml:197:13-49
199        <activity
199-->src\main\AndroidManifest.xml:198:9-201:52
200            android:name="me.devsaki.hentoid.activities.PinPreferenceActivity"
200-->src\main\AndroidManifest.xml:199:13-61
201            android:resizeableActivity="false"
201-->src\main\AndroidManifest.xml:200:13-47
202            android:screenOrientation="portrait" />
202-->src\main\AndroidManifest.xml:201:13-49
203        <activity
203-->src\main\AndroidManifest.xml:202:9-205:46
204            android:name="me.devsaki.hentoid.activities.MetadataEditActivity"
204-->src\main\AndroidManifest.xml:203:13-60
205            android:label="@string/title_activity_meta_edit" />
205-->src\main\AndroidManifest.xml:204:13-61
206        <activity
206-->src\main\AndroidManifest.xml:206:9-209:46
207            android:name="me.devsaki.hentoid.activities.RenamingRulesActivity"
207-->src\main\AndroidManifest.xml:207:13-61
208            android:label="@string/title_activity_rules" />
208-->src\main\AndroidManifest.xml:208:13-57
209        <activity
209-->src\main\AndroidManifest.xml:210:9-568:20
210            android:name="me.devsaki.hentoid.activities.IntentActivity"
210-->src\main\AndroidManifest.xml:211:13-54
211            android:exported="true"
211-->src\main\AndroidManifest.xml:212:13-36
212            android:theme="@style/Theme.Invisible" >
212-->src\main\AndroidManifest.xml:213:13-51
213            <intent-filter>
213-->src\main\AndroidManifest.xml:214:13-218:29
214                <action android:name="android.intent.action.SEND" />
214-->src\main\AndroidManifest.xml:215:17-69
214-->src\main\AndroidManifest.xml:215:25-66
215
216                <category android:name="android.intent.category.DEFAULT" />
216-->src\main\AndroidManifest.xml:216:17-76
216-->src\main\AndroidManifest.xml:216:27-73
217
218                <data android:mimeType="text/plain" />
218-->src\main\AndroidManifest.xml:217:17-55
218-->src\main\AndroidManifest.xml:217:23-52
219            </intent-filter>
220            <intent-filter>
220-->src\main\AndroidManifest.xml:219:13-233:29
221                <action android:name="android.intent.action.VIEW" />
221-->src\main\AndroidManifest.xml:220:17-69
221-->src\main\AndroidManifest.xml:220:25-66
222
223                <category android:name="android.intent.category.DEFAULT" />
223-->src\main\AndroidManifest.xml:216:17-76
223-->src\main\AndroidManifest.xml:216:27-73
224                <category android:name="android.intent.category.BROWSABLE" />
224-->src\main\AndroidManifest.xml:223:17-78
224-->src\main\AndroidManifest.xml:223:27-75
225
226                <data
226-->src\main\AndroidManifest.xml:217:17-55
227                    android:host="hitomi.la"
227-->src\main\AndroidManifest.xml:226:21-45
228                    android:pathPattern="/..*/..*"
228-->src\main\AndroidManifest.xml:227:21-51
229                    android:scheme="https" />
229-->src\main\AndroidManifest.xml:228:21-43
230                <data
230-->src\main\AndroidManifest.xml:217:17-55
231                    android:host="www.hitomi.la"
231-->src\main\AndroidManifest.xml:226:21-45
232                    android:pathPattern="/..*/..*"
232-->src\main\AndroidManifest.xml:227:21-51
233                    android:scheme="https" />
233-->src\main\AndroidManifest.xml:228:21-43
234            </intent-filter>
235            <intent-filter>
235-->src\main\AndroidManifest.xml:234:13-248:29
236                <action android:name="android.intent.action.VIEW" />
236-->src\main\AndroidManifest.xml:220:17-69
236-->src\main\AndroidManifest.xml:220:25-66
237
238                <category android:name="android.intent.category.DEFAULT" />
238-->src\main\AndroidManifest.xml:216:17-76
238-->src\main\AndroidManifest.xml:216:27-73
239                <category android:name="android.intent.category.BROWSABLE" />
239-->src\main\AndroidManifest.xml:223:17-78
239-->src\main\AndroidManifest.xml:223:27-75
240
241                <data
241-->src\main\AndroidManifest.xml:217:17-55
242                    android:host="nhentai.net"
242-->src\main\AndroidManifest.xml:226:21-45
243                    android:pathPrefix="/g/"
243-->src\main\AndroidManifest.xml:242:21-45
244                    android:scheme="https" />
244-->src\main\AndroidManifest.xml:228:21-43
245                <data
245-->src\main\AndroidManifest.xml:217:17-55
246                    android:host="www.nhentai.net"
246-->src\main\AndroidManifest.xml:226:21-45
247                    android:pathPrefix="/g/"
247-->src\main\AndroidManifest.xml:242:21-45
248                    android:scheme="https" />
248-->src\main\AndroidManifest.xml:228:21-43
249            </intent-filter>
250            <intent-filter>
250-->src\main\AndroidManifest.xml:249:13-259:29
251                <action android:name="android.intent.action.VIEW" />
251-->src\main\AndroidManifest.xml:220:17-69
251-->src\main\AndroidManifest.xml:220:25-66
252
253                <category android:name="android.intent.category.DEFAULT" />
253-->src\main\AndroidManifest.xml:216:17-76
253-->src\main\AndroidManifest.xml:216:27-73
254                <category android:name="android.intent.category.BROWSABLE" />
254-->src\main\AndroidManifest.xml:223:17-78
254-->src\main\AndroidManifest.xml:223:27-75
255
256                <data
256-->src\main\AndroidManifest.xml:217:17-55
257                    android:host="www.tsumino.com"
257-->src\main\AndroidManifest.xml:226:21-45
258                    android:pathPrefix="/entry/"
258-->src\main\AndroidManifest.xml:242:21-45
259                    android:scheme="https" />
259-->src\main\AndroidManifest.xml:228:21-43
260            </intent-filter>
261            <intent-filter>
261-->src\main\AndroidManifest.xml:260:13-270:29
262                <action android:name="android.intent.action.VIEW" />
262-->src\main\AndroidManifest.xml:220:17-69
262-->src\main\AndroidManifest.xml:220:25-66
263
264                <category android:name="android.intent.category.DEFAULT" />
264-->src\main\AndroidManifest.xml:216:17-76
264-->src\main\AndroidManifest.xml:216:27-73
265                <category android:name="android.intent.category.BROWSABLE" />
265-->src\main\AndroidManifest.xml:223:17-78
265-->src\main\AndroidManifest.xml:223:27-75
266
267                <data
267-->src\main\AndroidManifest.xml:217:17-55
268                    android:host="asmhentai.com"
268-->src\main\AndroidManifest.xml:226:21-45
269                    android:pathPrefix="/g"
269-->src\main\AndroidManifest.xml:242:21-45
270                    android:scheme="https" />
270-->src\main\AndroidManifest.xml:228:21-43
271            </intent-filter>
272            <intent-filter>
272-->src\main\AndroidManifest.xml:271:13-281:29
273                <action android:name="android.intent.action.VIEW" />
273-->src\main\AndroidManifest.xml:220:17-69
273-->src\main\AndroidManifest.xml:220:25-66
274
275                <category android:name="android.intent.category.DEFAULT" />
275-->src\main\AndroidManifest.xml:216:17-76
275-->src\main\AndroidManifest.xml:216:27-73
276                <category android:name="android.intent.category.BROWSABLE" />
276-->src\main\AndroidManifest.xml:223:17-78
276-->src\main\AndroidManifest.xml:223:27-75
277
278                <data
278-->src\main\AndroidManifest.xml:217:17-55
279                    android:host="comics.asmhentai.com"
279-->src\main\AndroidManifest.xml:226:21-45
280                    android:pathPrefix="/g"
280-->src\main\AndroidManifest.xml:242:21-45
281                    android:scheme="https" />
281-->src\main\AndroidManifest.xml:228:21-43
282            </intent-filter>
283            <intent-filter>
283-->src\main\AndroidManifest.xml:282:13-292:29
284                <action android:name="android.intent.action.VIEW" />
284-->src\main\AndroidManifest.xml:220:17-69
284-->src\main\AndroidManifest.xml:220:25-66
285
286                <category android:name="android.intent.category.DEFAULT" />
286-->src\main\AndroidManifest.xml:216:17-76
286-->src\main\AndroidManifest.xml:216:27-73
287                <category android:name="android.intent.category.BROWSABLE" />
287-->src\main\AndroidManifest.xml:223:17-78
287-->src\main\AndroidManifest.xml:223:27-75
288
289                <data
289-->src\main\AndroidManifest.xml:217:17-55
290                    android:host="pururin.to"
290-->src\main\AndroidManifest.xml:226:21-45
291                    android:pathPrefix="/gallery"
291-->src\main\AndroidManifest.xml:242:21-45
292                    android:scheme="https" />
292-->src\main\AndroidManifest.xml:228:21-43
293            </intent-filter>
294            <intent-filter>
294-->src\main\AndroidManifest.xml:293:13-303:29
295                <action android:name="android.intent.action.VIEW" />
295-->src\main\AndroidManifest.xml:220:17-69
295-->src\main\AndroidManifest.xml:220:25-66
296
297                <category android:name="android.intent.category.DEFAULT" />
297-->src\main\AndroidManifest.xml:216:17-76
297-->src\main\AndroidManifest.xml:216:27-73
298                <category android:name="android.intent.category.BROWSABLE" />
298-->src\main\AndroidManifest.xml:223:17-78
298-->src\main\AndroidManifest.xml:223:27-75
299
300                <data
300-->src\main\AndroidManifest.xml:217:17-55
301                    android:host="e-hentai.org"
301-->src\main\AndroidManifest.xml:226:21-45
302                    android:pathPrefix="/g/"
302-->src\main\AndroidManifest.xml:242:21-45
303                    android:scheme="https" />
303-->src\main\AndroidManifest.xml:228:21-43
304            </intent-filter>
305            <intent-filter>
305-->src\main\AndroidManifest.xml:304:13-314:29
306                <action android:name="android.intent.action.VIEW" />
306-->src\main\AndroidManifest.xml:220:17-69
306-->src\main\AndroidManifest.xml:220:25-66
307
308                <category android:name="android.intent.category.DEFAULT" />
308-->src\main\AndroidManifest.xml:216:17-76
308-->src\main\AndroidManifest.xml:216:27-73
309                <category android:name="android.intent.category.BROWSABLE" />
309-->src\main\AndroidManifest.xml:223:17-78
309-->src\main\AndroidManifest.xml:223:27-75
310
311                <data
311-->src\main\AndroidManifest.xml:217:17-55
312                    android:host="exhentai.org"
312-->src\main\AndroidManifest.xml:226:21-45
313                    android:pathPrefix="/g/"
313-->src\main\AndroidManifest.xml:242:21-45
314                    android:scheme="https" />
314-->src\main\AndroidManifest.xml:228:21-43
315            </intent-filter>
316            <intent-filter>
316-->src\main\AndroidManifest.xml:315:13-335:29